This is pdfTeX, Version 3.14159265-2.6-1.40.16 (TeX Live 2015/Debian) (preloaded format=latex 2018.4.10)  10 APR 2018 19:10
entering extended mode
 restricted \write18 enabled.
 %&-line parsing enabled.
**output.tex
(./output.tex
LaTeX2e <2016/02/01>
Babel <3.9q> and hyphenation patterns for 81 language(s) loaded.
(/usr/share/texlive/texmf-dist/tex/latex/base/article.cls
Document Class: article 2014/09/29 v1.4h Standard LaTeX document class
(/usr/share/texlive/texmf-dist/tex/latex/base/size12.clo
File: size12.clo 2014/09/29 v1.4h Standard LaTeX file (size option)
)
\c@part=\count79
\c@section=\count80
\c@subsection=\count81
\c@subsubsection=\count82
\c@paragraph=\count83
\c@subparagraph=\count84
\c@figure=\count85
\c@table=\count86
\abovecaptionskip=\skip41
\belowcaptionskip=\skip42
\bibindent=\dimen102
)
(/usr/share/texlive/texmf-dist/tex/latex/tree-dvips/lingmacros.sty
\c@enums=\count87
\widelabel=\dimen103
\c@tempcnt=\count88
\c@enumsi=\count89
\eeindent=\dimen104
)
(/usr/share/texlive/texmf-dist/tex/latex/tree-dvips/tree-dvips.sty
tree-dvips version .91 of May 16, 1995
\nodemargin=\dimen105
\treelinewidth=\dimen106
\dashlength=\dimen107
\arrowwidth=\dimen108
\arrowlength=\dimen109
\arrowinset=\dimen110
\pos@t=\toks14
\pos@b=\toks15
\pos@l=\toks16
\pos@r=\toks17
\pos@tl=\toks18
\pos@tr=\toks19
\pos@bl=\toks20
\pos@br=\toks21
\@arrow=\count90
\@tempdimc=\dimen111
) (/usr/share/texlive/texmf-dist/tex/latex/xcolor/xcolor.sty
Package: xcolor 2007/01/21 v2.11 LaTeX color extensions (UK)

(/usr/share/texlive/texmf-dist/tex/latex/latexconfig/color.cfg
File: color.cfg 2007/01/18 v1.5 color configuration of teTeX/TeXLive
)
Package xcolor Info: Driver file: dvips.def on input line 225.

(/usr/share/texlive/texmf-dist/tex/latex/graphics/dvips.def
File: dvips.def 2015/12/30 v3.0k Driver-dependent file (DPC,SPQR)
)
Package xcolor Info: Model `cmy' substituted by `cmy0' on input line 1337.
Package xcolor Info: Model `RGB' extended on input line 1353.
Package xcolor Info: Model `HTML' substituted by `rgb' on input line 1355.
Package xcolor Info: Model `Hsb' substituted by `hsb' on input line 1356.
Package xcolor Info: Model `tHsb' substituted by `hsb' on input line 1357.
Package xcolor Info: Model `HSB' substituted by `hsb' on input line 1358.
Package xcolor Info: Model `Gray' substituted by `gray' on input line 1359.
Package xcolor Info: Model `wave' substituted by `hsb' on input line 1360.
) (./output.aux)
\openout1 = `output.aux'.

LaTeX Font Info:    Checking defaults for OML/cmm/m/it on input line 7.
LaTeX Font Info:    ... okay on input line 7.
LaTeX Font Info:    Checking defaults for T1/cmr/m/n on input line 7.
LaTeX Font Info:    ... okay on input line 7.
LaTeX Font Info:    Checking defaults for OT1/cmr/m/n on input line 7.
LaTeX Font Info:    ... okay on input line 7.
LaTeX Font Info:    Checking defaults for OMS/cmsy/m/n on input line 7.
LaTeX Font Info:    ... okay on input line 7.
LaTeX Font Info:    Checking defaults for OMX/cmex/m/n on input line 7.
LaTeX Font Info:    ... okay on input line 7.
LaTeX Font Info:    Checking defaults for U/cmr/m/n on input line 7.
LaTeX Font Info:    ... okay on input line 7.
LaTeX Font Info:    External font `cmex10' loaded for size
(Font)              <10.95> on input line 21.
LaTeX Font Info:    External font `cmex10' loaded for size
(Font)              <8> on input line 21.
LaTeX Font Info:    External font `cmex10' loaded for size
(Font)              <6> on input line 21.

[1

] (./output.aux) ) 
Here is how much of TeX's memory you used:
 906 strings out of 493030
 10306 string characters out of 6136260
 71599 words of memory out of 5000000
 4499 multiletter control sequences out of 15000+600000
 8844 words of font info for 31 fonts, out of 8000000 for 9000
 1141 hyphenation exceptions out of 8191
 23i,9n,35p,143b,262s stack positions out of 5000i,500n,10000p,200000b,80000s

Output written on output.dvi (1 page, 3512 bytes).
